[37mROCk module version 6.16.6 is loaded[0m
=====================    
HSA System Attributes    
=====================    
Runtime Version:         1.18
Runtime Ext Version:     1.14
System Timestamp Freq.:  1000.000000MHz
Sig. Max Wait Duration:  18446744073709551615 (0xFFFFFFFFFFFFFFFF) (timestamp count)
Machine Model:           LARGE                              
System Endianness:       LITTLE                             
Mwaitx:                  DISABLED
XNACK enabled:           NO
DMAbuf Support:          YES
VMM Support:             YES

==========               
HSA Agents               
==========               
*******                  
Agent 1                  
*******                  
  Name:                    AMD EPYC 7742 64-Core Processor    
  Uuid:                    CPU-XX                             
  Marketing Name:          AMD EPYC 7742 64-Core Processor    
  Vendor Name:             CPU                                
  Feature:                 None specified                     
  Profile:                 FULL_PROFILE                       
  Float Round Mode:        NEAR                               
  Max Queue Number:        0(0x0)                             
  Queue Min Size:          0(0x0)                             
  Queue Max Size:          0(0x0)                             
  Queue Type:              MULTI                              
  Node:                    0                                  
  Device Type:             CPU                                
  Cache Info:              
    L1:                      32768(0x8000) KB                   
  Chip ID:                 0(0x0)                             
  ASIC Revision:           0(0x0)                             
  Cacheline Size:          64(0x40)                           
  Max Clock Freq. (MHz):   2250                               
  BDFID:                   0                                  
  Internal Node ID:        0                                  
  Compute Unit:            32                                 
  SIMDs per CU:            0                                  
  Shader Engines:          0                                  
  Shader Arrs. per Eng.:   0                                  
  WatchPts on Addr. Ranges:1                                  
  Memory Properties:       
  Features:                None
  Pool Info:               
    Pool 1                   
      Segment:                 GLOBAL; FLAGS: FINE GRAINED        
      Size:                    65852860(0x3ecd5bc) KB             
      Allocatable:             TRUE                               
      Alloc Granule:           4KB                                
      Alloc Recommended Granule:4KB                                
      Alloc Alignment:         4KB                                
      Accessible by all:       TRUE                               
    Pool 2                   
      Segment:                 GLOBAL; FLAGS: EXTENDED FINE GRAINED
      Size:                    65852860(0x3ecd5bc) KB             
      Allocatable:             TRUE                               
      Alloc Granule:           4KB                                
      Alloc Recommended Granule:4KB                                
      Alloc Alignment:         4KB                                
      Accessible by all:       TRUE                               
    Pool 3                   
      Segment:                 GLOBAL; FLAGS: KERNARG, FINE GRAINED
      Size:                    65852860(0x3ecd5bc) KB             
      Allocatable:             TRUE                               
      Alloc Granule:           4KB                                
      Alloc Recommended Granule:4KB                                
      Alloc Alignment:         4KB                                
      Accessible by all:       TRUE                               
    Pool 4                   
      Segment:                 GLOBAL; FLAGS: COARSE GRAINED      
      Size:                    65852860(0x3ecd5bc) KB             
      Allocatable:             TRUE                               
      Alloc Granule:           4KB                                
      Alloc Recommended Granule:4KB                                
      Alloc Alignment:         4KB                                
      Accessible by all:       TRUE                               
  ISA Info:                
*******                  
Agent 2                  
*******                  
  Name:                    AMD EPYC 7742 64-Core Processor    
  Uuid:                    CPU-XX                             
  Marketing Name:          AMD EPYC 7742 64-Core Processor    
  Vendor Name:             CPU                                
  Feature:                 None specified                     
  Profile:                 FULL_PROFILE                       
  Float Round Mode:        NEAR                               
  Max Queue Number:        0(0x0)                             
  Queue Min Size:          0(0x0)                             
  Queue Max Size:          0(0x0)                             
  Queue Type:              MULTI                              
  Node:                    1                                  
  Device Type:             CPU                                
  Cache Info:              
    L1:                      32768(0x8000) KB                   
  Chip ID:                 0(0x0)                             
  ASIC Revision:           0(0x0)                             
  Cacheline Size:          64(0x40)                           
  Max Clock Freq. (MHz):   2250                               
  BDFID:                   0                                  
  Internal Node ID:        1                                  
  Compute Unit:            32                                 
  SIMDs per CU:            0                                  
  Shader Engines:          0                                  
  Shader Arrs. per Eng.:   0                                  
  WatchPts on Addr. Ranges:1                                  
  Memory Properties:       
  Features:                None
  Pool Info:               
    Pool 1                   
      Segment:                 GLOBAL; FLAGS: FINE GRAINED        
      Size:                    66048044(0x3efd02c) KB             
      Allocatable:             TRUE                               
      Alloc Granule:           4KB                                
      Alloc Recommended Granule:4KB                                
      Alloc Alignment:         4KB                                
      Accessible by all:       TRUE                               
    Pool 2                   
      Segment:                 GLOBAL; FLAGS: EXTENDED FINE GRAINED
      Size:                    66048044(0x3efd02c) KB             
      Allocatable:             TRUE                               
      Alloc Granule:           4KB                                
      Alloc Recommended Granule:4KB                                
      Alloc Alignment:         4KB                                
      Accessible by all:       TRUE                               
    Pool 3                   
      Segment:                 GLOBAL; FLAGS: KERNARG, FINE GRAINED
      Size:                    66048044(0x3efd02c) KB             
      Allocatable:             TRUE                               
      Alloc Granule:           4KB                                
      Alloc Recommended Granule:4KB                                
      Alloc Alignment:         4KB                                
      Accessible by all:       TRUE                               
    Pool 4                   
      Segment:                 GLOBAL; FLAGS: COARSE GRAINED      
      Size:                    66048044(0x3efd02c) KB             
      Allocatable:             TRUE                               
      Alloc Granule:           4KB                                
      Alloc Recommended Granule:4KB                                
      Alloc Alignment:         4KB                                
      Accessible by all:       TRUE                               
  ISA Info:                
*******                  
Agent 3                  
*******                  
  Name:                    AMD EPYC 7742 64-Core Processor    
  Uuid:                    CPU-XX                             
  Marketing Name:          AMD EPYC 7742 64-Core Processor    
  Vendor Name:             CPU                                
  Feature:                 None specified                     
  Profile:                 FULL_PROFILE                       
  Float Round Mode:        NEAR                               
  Max Queue Number:        0(0x0)                             
  Queue Min Size:          0(0x0)                             
  Queue Max Size:          0(0x0)                             
  Queue Type:              MULTI                              
  Node:                    2                                  
  Device Type:             CPU                                
  Cache Info:              
    L1:                      32768(0x8000) KB                   
  Chip ID:                 0(0x0)                             
  ASIC Revision:           0(0x0)                             
  Cacheline Size:          64(0x40)                           
  Max Clock Freq. (MHz):   2250                               
  BDFID:                   0                                  
  Internal Node ID:        2                                  
  Compute Unit:            32                                 
  SIMDs per CU:            0                                  
  Shader Engines:          0                                  
  Shader Arrs. per Eng.:   0                                  
  WatchPts on Addr. Ranges:1                                  
  Memory Properties:       
  Features:                None
  Pool Info:               
    Pool 1                   
      Segment:                 GLOBAL; FLAGS: FINE GRAINED        
      Size:                    66048044(0x3efd02c) KB             
      Allocatable:             TRUE                               
      Alloc Granule:           4KB                                
      Alloc Recommended Granule:4KB                                
      Alloc Alignment:         4KB                                
      Accessible by all:       TRUE                               
    Pool 2                   
      Segment:                 GLOBAL; FLAGS: EXTENDED FINE GRAINED
      Size:                    66048044(0x3efd02c) KB             
      Allocatable:             TRUE                               
      Alloc Granule:           4KB                                
      Alloc Recommended Granule:4KB                                
      Alloc Alignment:         4KB                                
      Accessible by all:       TRUE                               
    Pool 3                   
      Segment:                 GLOBAL; FLAGS: KERNARG, FINE GRAINED
      Size:                    66048044(0x3efd02c) KB             
      Allocatable:             TRUE                               
      Alloc Granule:           4KB                                
      Alloc Recommended Granule:4KB                                
      Alloc Alignment:         4KB                                
      Accessible by all:       TRUE                               
    Pool 4                   
      Segment:                 GLOBAL; FLAGS: COARSE GRAINED      
      Size:                    66048044(0x3efd02c) KB             
      Allocatable:             TRUE                               
      Alloc Granule:           4KB                                
      Alloc Recommended Granule:4KB                                
      Alloc Alignment:         4KB                                
      Accessible by all:       TRUE                               
  ISA Info:                
*******                  
Agent 4                  
*******                  
  Name:                    AMD EPYC 7742 64-Core Processor    
  Uuid:                    CPU-XX                             
  Marketing Name:          AMD EPYC 7742 64-Core Processor    
  Vendor Name:             CPU                                
  Feature:                 None specified                     
  Profile:                 FULL_PROFILE                       
  Float Round Mode:        NEAR                               
  Max Queue Number:        0(0x0)                             
  Queue Min Size:          0(0x0)                             
  Queue Max Size:          0(0x0)                             
  Queue Type:              MULTI                              
  Node:                    3                                  
  Device Type:             CPU                                
  Cache Info:              
    L1:                      32768(0x8000) KB                   
  Chip ID:                 0(0x0)                             
  ASIC Revision:           0(0x0)                             
  Cacheline Size:          64(0x40)                           
  Max Clock Freq. (MHz):   2250                               
  BDFID:                   0                                  
  Internal Node ID:        3                                  
  Compute Unit:            32                                 
  SIMDs per CU:            0                                  
  Shader Engines:          0                                  
  Shader Arrs. per Eng.:   0                                  
  WatchPts on Addr. Ranges:1                                  
  Memory Properties:       
  Features:                None
  Pool Info:               
    Pool 1                   
      Segment:                 GLOBAL; FLAGS: FINE GRAINED        
      Size:                    66035756(0x3efa02c) KB             
      Allocatable:             TRUE                               
      Alloc Granule:           4KB                                
      Alloc Recommended Granule:4KB                                
      Alloc Alignment:         4KB                                
      Accessible by all:       TRUE                               
    Pool 2                   
      Segment:                 GLOBAL; FLAGS: EXTENDED FINE GRAINED
      Size:                    66035756(0x3efa02c) KB             
      Allocatable:             TRUE                               
      Alloc Granule:           4KB                                
      Alloc Recommended Granule:4KB                                
      Alloc Alignment:         4KB                                
      Accessible by all:       TRUE                               
    Pool 3                   
      Segment:                 GLOBAL; FLAGS: KERNARG, FINE GRAINED
      Size:                    66035756(0x3efa02c) KB             
      Allocatable:             TRUE                               
      Alloc Granule:           4KB                                
      Alloc Recommended Granule:4KB                                
      Alloc Alignment:         4KB                                
      Accessible by all:       TRUE                               
    Pool 4                   
      Segment:                 GLOBAL; FLAGS: COARSE GRAINED      
      Size:                    66035756(0x3efa02c) KB             
      Allocatable:             TRUE                               
      Alloc Granule:           4KB                                
      Alloc Recommended Granule:4KB                                
      Alloc Alignment:         4KB                                
      Accessible by all:       TRUE                               
  ISA Info:                
*******                  
Agent 5                  
*******                  
  Name:                    AMD EPYC 7742 64-Core Processor    
  Uuid:                    CPU-XX                             
  Marketing Name:          AMD EPYC 7742 64-Core Processor    
  Vendor Name:             CPU                                
  Feature:                 None specified                     
  Profile:                 FULL_PROFILE                       
  Float Round Mode:        NEAR                               
  Max Queue Number:        0(0x0)                             
  Queue Min Size:          0(0x0)                             
  Queue Max Size:          0(0x0)                             
  Queue Type:              MULTI                              
  Node:                    4                                  
  Device Type:             CPU                                
  Cache Info:              
    L1:                      32768(0x8000) KB                   
  Chip ID:                 0(0x0)                             
  ASIC Revision:           0(0x0)                             
  Cacheline Size:          64(0x40)                           
  Max Clock Freq. (MHz):   2250                               
  BDFID:                   0                                  
  Internal Node ID:        4                                  
  Compute Unit:            32                                 
  SIMDs per CU:            0                                  
  Shader Engines:          0                                  
  Shader Arrs. per Eng.:   0                                  
  WatchPts on Addr. Ranges:1                                  
  Memory Properties:       
  Features:                None
  Pool Info:               
    Pool 1                   
      Segment:                 GLOBAL; FLAGS: FINE GRAINED        
      Size:                    66048044(0x3efd02c) KB             
      Allocatable:             TRUE                               
      Alloc Granule:           4KB                                
      Alloc Recommended Granule:4KB                                
      Alloc Alignment:         4KB                                
      Accessible by all:       TRUE                               
    Pool 2                   
      Segment:                 GLOBAL; FLAGS: EXTENDED FINE GRAINED
      Size:                    66048044(0x3efd02c) KB             
      Allocatable:             TRUE                               
      Alloc Granule:           4KB                                
      Alloc Recommended Granule:4KB                                
      Alloc Alignment:         4KB                                
      Accessible by all:       TRUE                               
    Pool 3                   
      Segment:                 GLOBAL; FLAGS: KERNARG, FINE GRAINED
      Size:                    66048044(0x3efd02c) KB             
      Allocatable:             TRUE                               
      Alloc Granule:           4KB                                
      Alloc Recommended Granule:4KB                                
      Alloc Alignment:         4KB                                
      Accessible by all:       TRUE                               
    Pool 4                   
      Segment:                 GLOBAL; FLAGS: COARSE GRAINED      
      Size:                    66048044(0x3efd02c) KB             
      Allocatable:             TRUE                               
      Alloc Granule:           4KB                                
      Alloc Recommended Granule:4KB                                
      Alloc Alignment:         4KB                                
      Accessible by all:       TRUE                               
  ISA Info:                
*******                  
Agent 6                  
*******                  
  Name:                    AMD EPYC 7742 64-Core Processor    
  Uuid:                    CPU-XX                             
  Marketing Name:          AMD EPYC 7742 64-Core Processor    
  Vendor Name:             CPU                                
  Feature:                 None specified                     
  Profile:                 FULL_PROFILE                       
  Float Round Mode:        NEAR                               
  Max Queue Number:        0(0x0)                             
  Queue Min Size:          0(0x0)                             
  Queue Max Size:          0(0x0)                             
  Queue Type:              MULTI                              
  Node:                    5                                  
  Device Type:             CPU                                
  Cache Info:              
    L1:                      32768(0x8000) KB                   
  Chip ID:                 0(0x0)                             
  ASIC Revision:           0(0x0)                             
  Cacheline Size:          64(0x40)                           
  Max Clock Freq. (MHz):   2250                               
  BDFID:                   0                                  
  Internal Node ID:        5                                  
  Compute Unit:            32                                 
  SIMDs per CU:            0                                  
  Shader Engines:          0                                  
  Shader Arrs. per Eng.:   0                                  
  WatchPts on Addr. Ranges:1                                  
  Memory Properties:       
  Features:                None
  Pool Info:               
    Pool 1                   
      Segment:                 GLOBAL; FLAGS: FINE GRAINED        
      Size:                    66048044(0x3efd02c) KB             
      Allocatable:             TRUE                               
      Alloc Granule:           4KB                                
      Alloc Recommended Granule:4KB                                
      Alloc Alignment:         4KB                                
      Accessible by all:       TRUE                               
    Pool 2                   
      Segment:                 GLOBAL; FLAGS: EXTENDED FINE GRAINED
      Size:                    66048044(0x3efd02c) KB             
      Allocatable:             TRUE                               
      Alloc Granule:           4KB                                
      Alloc Recommended Granule:4KB                                
      Alloc Alignment:         4KB                                
      Accessible by all:       TRUE                               
    Pool 3                   
      Segment:                 GLOBAL; FLAGS: KERNARG, FINE GRAINED
      Size:                    66048044(0x3efd02c) KB             
      Allocatable:             TRUE                               
      Alloc Granule:           4KB                                
      Alloc Recommended Granule:4KB                                
      Alloc Alignment:         4KB                                
      Accessible by all:       TRUE                               
    Pool 4                   
      Segment:                 GLOBAL; FLAGS: COARSE GRAINED      
      Size:                    66048044(0x3efd02c) KB             
      Allocatable:             TRUE                               
      Alloc Granule:           4KB                                
      Alloc Recommended Granule:4KB                                
      Alloc Alignment:         4KB                                
      Accessible by all:       TRUE                               
  ISA Info:                
*******                  
Agent 7                  
*******                  
  Name:                    AMD EPYC 7742 64-Core Processor    
  Uuid:                    CPU-XX                             
  Marketing Name:          AMD EPYC 7742 64-Core Processor    
  Vendor Name:             CPU                                
  Feature:                 None specified                     
  Profile:                 FULL_PROFILE                       
  Float Round Mode:        NEAR                               
  Max Queue Number:        0(0x0)                             
  Queue Min Size:          0(0x0)                             
  Queue Max Size:          0(0x0)                             
  Queue Type:              MULTI                              
  Node:                    6                                  
  Device Type:             CPU                                
  Cache Info:              
    L1:                      32768(0x8000) KB                   
  Chip ID:                 0(0x0)                             
  ASIC Revision:           0(0x0)                             
  Cacheline Size:          64(0x40)                           
  Max Clock Freq. (MHz):   2250                               
  BDFID:                   0                                  
  Internal Node ID:        6                                  
  Compute Unit:            32                                 
  SIMDs per CU:            0                                  
  Shader Engines:          0                                  
  Shader Arrs. per Eng.:   0                                  
  WatchPts on Addr. Ranges:1                                  
  Memory Properties:       
  Features:                None
  Pool Info:               
    Pool 1                   
      Segment:                 GLOBAL; FLAGS: FINE GRAINED        
      Size:                    66003716(0x3ef2304) KB             
      Allocatable:             TRUE                               
      Alloc Granule:           4KB                                
      Alloc Recommended Granule:4KB                                
      Alloc Alignment:         4KB                                
      Accessible by all:       TRUE                               
    Pool 2                   
      Segment:                 GLOBAL; FLAGS: EXTENDED FINE GRAINED
      Size:                    66003716(0x3ef2304) KB             
      Allocatable:             TRUE                               
      Alloc Granule:           4KB                                
      Alloc Recommended Granule:4KB                                
      Alloc Alignment:         4KB                                
      Accessible by all:       TRUE                               
    Pool 3                   
      Segment:                 GLOBAL; FLAGS: KERNARG, FINE GRAINED
      Size:                    66003716(0x3ef2304) KB             
      Allocatable:             TRUE                               
      Alloc Granule:           4KB                                
      Alloc Recommended Granule:4KB                                
      Alloc Alignment:         4KB                                
      Accessible by all:       TRUE                               
    Pool 4                   
      Segment:                 GLOBAL; FLAGS: COARSE GRAINED      
      Size:                    66003716(0x3ef2304) KB             
      Allocatable:             TRUE                               
      Alloc Granule:           4KB                                
      Alloc Recommended Granule:4KB                                
      Alloc Alignment:         4KB                                
      Accessible by all:       TRUE                               
  ISA Info:                
*******                  
Agent 8                  
*******                  
  Name:                    AMD EPYC 7742 64-Core Processor    
  Uuid:                    CPU-XX                             
  Marketing Name:          AMD EPYC 7742 64-Core Processor    
  Vendor Name:             CPU                                
  Feature:                 None specified                     
  Profile:                 FULL_PROFILE                       
  Float Round Mode:        NEAR                               
  Max Queue Number:        0(0x0)                             
  Queue Min Size:          0(0x0)                             
  Queue Max Size:          0(0x0)                             
  Queue Type:              MULTI                              
  Node:                    7                                  
  Device Type:             CPU                                
  Cache Info:              
    L1:                      32768(0x8000) KB                   
  Chip ID:                 0(0x0)                             
  ASIC Revision:           0(0x0)                             
  Cacheline Size:          64(0x40)                           
  Max Clock Freq. (MHz):   2250                               
  BDFID:                   0                                  
  Internal Node ID:        7                                  
  Compute Unit:            31                                 
  SIMDs per CU:            0                                  
  Shader Engines:          0                                  
  Shader Arrs. per Eng.:   0                                  
  WatchPts on Addr. Ranges:1                                  
  Memory Properties:       
  Features:                None
  Pool Info:               
    Pool 1                   
      Segment:                 GLOBAL; FLAGS: FINE GRAINED        
      Size:                    66036096(0x3efa180) KB             
      Allocatable:             TRUE                               
      Alloc Granule:           4KB                                
      Alloc Recommended Granule:4KB                                
      Alloc Alignment:         4KB                                
      Accessible by all:       TRUE                               
    Pool 2                   
      Segment:                 GLOBAL; FLAGS: EXTENDED FINE GRAINED
      Size:                    66036096(0x3efa180) KB             
      Allocatable:             TRUE                               
      Alloc Granule:           4KB                                
      Alloc Recommended Granule:4KB                                
      Alloc Alignment:         4KB                                
      Accessible by all:       TRUE                               
    Pool 3                   
      Segment:                 GLOBAL; FLAGS: KERNARG, FINE GRAINED
      Size:                    66036096(0x3efa180) KB             
      Allocatable:             TRUE                               
      Alloc Granule:           4KB                                
      Alloc Recommended Granule:4KB                                
      Alloc Alignment:         4KB                                
      Accessible by all:       TRUE                               
    Pool 4                   
      Segment:                 GLOBAL; FLAGS: COARSE GRAINED      
      Size:                    66036096(0x3efa180) KB             
      Allocatable:             TRUE                               
      Alloc Granule:           4KB                                
      Alloc Recommended Granule:4KB                                
      Alloc Alignment:         4KB                                
      Accessible by all:       TRUE                               
  ISA Info:                
*******                  
Agent 9                  
*******                  
  Name:                    gfx908                             
  Uuid:                    GPU-e769817983f3ffcb               
  Marketing Name:          AMD Instinct MI100                 
  Vendor Name:             AMD                                
  Feature:                 KERNEL_DISPATCH                    
  Profile:                 BASE_PROFILE                       
  Float Round Mode:        NEAR                               
  Max Queue Number:        128(0x80)                          
  Queue Min Size:          64(0x40)                           
  Queue Max Size:          131072(0x20000)                    
  Queue Type:              MULTI                              
  Node:                    12                                 
  Device Type:             GPU                                
  Cache Info:              
    L1:                      16(0x10) KB                        
    L2:                      8192(0x2000) KB                    
  Chip ID:                 29580(0x738c)                      
  ASIC Revision:           2(0x2)                             
  Cacheline Size:          64(0x40)                           
  Max Clock Freq. (MHz):   1502                               
  BDFID:                   49920                              
  Internal Node ID:        12                                 
  Compute Unit:            120                                
  SIMDs per CU:            4                                  
  Shader Engines:          8                                  
  Shader Arrs. per Eng.:   1                                  
  WatchPts on Addr. Ranges:4                                  
  Coherent Host Access:    FALSE                              
  Memory Properties:       
  Features:                KERNEL_DISPATCH 
  Fast F16 Operation:      TRUE                               
  Wavefront Size:          64(0x40)                           
  Workgroup Max Size:      1024(0x400)                        
  Workgroup Max Size per Dimension:
    x                        1024(0x400)                        
    y                        1024(0x400)                        
    z                        1024(0x400)                        
  Max Waves Per CU:        40(0x28)                           
  Max Work-item Per CU:    2560(0xa00)                        
  Grid Max Size:           4294967295(0xffffffff)             
  Grid Max Size per Dimension:
    x                        2147483647(0x7fffffff)             
    y                        65535(0xffff)                      
    z                        65535(0xffff)                      
  Max fbarriers/Workgrp:   32                                 
  Packet Processor uCode:: 71                                 
  SDMA engine uCode::      18                                 
  IOMMU Support::          None                               
  Pool Info:               
    Pool 1                   
      Segment:                 GLOBAL; FLAGS: COARSE GRAINED      
      Size:                    33538048(0x1ffc000) KB             
      Allocatable:             TRUE                               
      Alloc Granule:           4KB                                
      Alloc Recommended Granule:2048KB                             
      Alloc Alignment:         4KB                                
      Accessible by all:       FALSE                              
    Pool 2                   
      Segment:                 GLOBAL; FLAGS: EXTENDED FINE GRAINED
      Size:                    33538048(0x1ffc000) KB             
      Allocatable:             TRUE                               
      Alloc Granule:           4KB                                
      Alloc Recommended Granule:2048KB                             
      Alloc Alignment:         4KB                                
      Accessible by all:       FALSE                              
    Pool 3                   
      Segment:                 GROUP                              
      Size:                    64(0x40) KB                        
      Allocatable:             FALSE                              
      Alloc Granule:           0KB                                
      Alloc Recommended Granule:0KB                                
      Alloc Alignment:         0KB                                
      Accessible by all:       FALSE                              
  ISA Info:                
    ISA 1                    
      Name:                    amdgcn-amd-amdhsa--gfx908:sramecc+:xnack-
      Machine Models:          HSA_MACHINE_MODEL_LARGE            
      Profiles:                HSA_PROFILE_BASE                   
      Default Rounding Mode:   NEAR                               
      Default Rounding Mode:   NEAR                               
      Fast f16:                TRUE                               
      Workgroup Max Size:      1024(0x400)                        
      Workgroup Max Size per Dimension:
        x                        1024(0x400)                        
        y                        1024(0x400)                        
        z                        1024(0x400)                        
      Grid Max Size:           4294967295(0xffffffff)             
      Grid Max Size per Dimension:
        x                        2147483647(0x7fffffff)             
        y                        65535(0xffff)                      
        z                        65535(0xffff)                      
      FBarrier Max Size:       32                                 
*** Done ***             
WARNING: AMD GPU device(s) is/are in a low-power state. Check power control/runtime_status



========================================== ROCm System Management Interface ==========================================
==================================================== Concise Info ====================================================
Device  Node  IDs              Temp    Power   Partitions          SCLK     MCLK     Fan  Perf  PwrCap  VRAM%  GPU%  
[3m              (DID,     GUID)  (Edge)  (Avg)   (Mem, Compute, ID)                                                    [0m
======================================================================================================================
0       10    0x738c,   4106   34.0°C  103.0W  N/A, N/A, 0         1502Mhz  1200Mhz  0%   auto  290.0W  2%     100%  
1       11    0x738c,   2833   27.0°C  34.0W   N/A, N/A, 0         300Mhz   1200Mhz  0%   auto  290.0W  1%     0%    
2       9     0x738c,   57403  25.0°C  34.0W   N/A, N/A, 0         300Mhz   1200Mhz  0%   auto  290.0W  1%     0%    
3       8     0x738c,   14370  32.0°C  98.0W   N/A, N/A, 0         1502Mhz  1200Mhz  0%   auto  290.0W  2%     100%  
4       13    0x738c,   45163  27.0°C  34.0W   N/A, N/A, 0         300Mhz   1200Mhz  0%   auto  290.0W  0%     0%    
5       14    0x738c,   26738  26.0°C  35.0W   N/A, N/A, 0         300Mhz   1200Mhz  0%   auto  290.0W  0%     0%    
6       12    0x738c,   16474  32.0°C  35.0W   N/A, N/A, 0         300Mhz   1200Mhz  0%   auto  290.0W  1%     0%    
======================================================================================================================
================================================ End of ROCm SMI Log =================================================
